<?xml version="1.0" encoding="UTF-8"?>
<!-- Generated by org.testng.reporters.JUnitXMLReporter -->
<testsuite ignored="3" hostname="AKSHAY" failures="0" tests="0" name="Default test" time="4.165" errors="0" timestamp="2024-06-07T17:51:17 IST">
  <testcase classname="com.comcast.crm.orgtest.TestNG.CreateOrgTest" name="DeleteOrg" time="0.0">
    <ignored/>
  </testcase> <!-- DeleteOrg -->
  <testcase classname="com.comcast.crm.orgtest.TestNG.CreateOrgTest" name="CreateOrgWithPhoneNumber" time="0.0">
    <ignored/>
  </testcase> <!-- CreateOrgWithPhoneNumber -->
  <testcase classname="com.comcast.crm.orgtest.TestNG.CreateOrgTest" name="CreateOrgWithIndustry" time="0.0">
    <ignored/>
  </testcase> <!-- CreateOrgWithIndustry -->
</testsuite> <!-- Default test -->
